<?xml version="1.0" encoding="UTF-8"?>
<testng-results ignored="0" total="4" passed="4" failed="0" skipped="0">
  <reporter-output>
  </reporter-output>
  <suite started-at="2020-03-24T20:33:46 IST" name="Default suite" finished-at="2020-03-24T20:33:51 IST" duration-ms="5900">
    <groups>
      <group name="cucumber">
        <method signature="AbstractTestNGCucumberTests.runScenario(io.cucumber.testng.PickleWrapper, io.cucumber.testng.FeatureWrapper)[pri:0, instance:runnerFile.APITestRunner@56528192]" name="runScenario" class="io.cucumber.testng.AbstractTestNGCucumberTests"/>
      </group> <!-- cucumber -->
    </groups>
    <test started-at="2020-03-24T20:33:46 IST" name="Default test" finished-at="2020-03-24T20:33:51 IST" duration-ms="5900">
      <class name="runnerFile.APITestRunner">
        <test-method is-config="true" signature="setUpClass()[pri:0, instance:runnerFile.APITestRunner@56528192]" started-at="2020-03-24T20:33:46 IST" name="setUpClass" finished-at="2020-03-24T20:33:46 IST" duration-ms="299" status="PASS">
          <reporter-output>
          </reporter-output>
        </test-method> <!-- setUpClass -->
        <test-method signature="runScenario(io.cucumber.testng.PickleWrapper, io.cucumber.testng.FeatureWrapper)[pri:0, instance:runnerFile.APITestRunner@56528192]" started-at="2020-03-24T20:33:46 IST" name="runScenario" description="Runs Cucumber Scenarios" data-provider="scenarios" finished-at="2020-03-24T20:33:49 IST" duration-ms="2763" status="PASS">
          <params>
            <param index="0">
              <value>
                <![CDATA["Get employee record"]]>
              </value>
            </param>
            <param index="1">
              <value>
                <![CDATA["Verify all GET and POST requests"]]>
              </value>
            </param>
          </params>
          <reporter-output>
          </reporter-output>
        </test-method> <!-- runScenario -->
        <test-method signature="runScenario(io.cucumber.testng.PickleWrapper, io.cucumber.testng.FeatureWrapper)[pri:0, instance:runnerFile.APITestRunner@56528192]" started-at="2020-03-24T20:33:49 IST" name="runScenario" description="Runs Cucumber Scenarios" data-provider="scenarios" finished-at="2020-03-24T20:33:50 IST" duration-ms="1018" status="PASS">
          <params>
            <param index="0">
              <value>
                <![CDATA["Create record"]]>
              </value>
            </param>
            <param index="1">
              <value>
                <![CDATA["Verify all GET and POST requests"]]>
              </value>
            </param>
          </params>
          <reporter-output>
          </reporter-output>
        </test-method> <!-- runScenario -->
        <test-method signature="runScenario(io.cucumber.testng.PickleWrapper, io.cucumber.testng.FeatureWrapper)[pri:0, instance:runnerFile.APITestRunner@56528192]" started-at="2020-03-24T20:33:50 IST" name="runScenario" description="Runs Cucumber Scenarios" data-provider="scenarios" finished-at="2020-03-24T20:33:50 IST" duration-ms="784" status="PASS">
          <params>
            <param index="0">
              <value>
                <![CDATA["update the created user"]]>
              </value>
            </param>
            <param index="1">
              <value>
                <![CDATA["Verify all GET and POST requests"]]>
              </value>
            </param>
          </params>
          <reporter-output>
          </reporter-output>
        </test-method> <!-- runScenario -->
        <test-method signature="runScenario(io.cucumber.testng.PickleWrapper, io.cucumber.testng.FeatureWrapper)[pri:0, instance:runnerFile.APITestRunner@56528192]" started-at="2020-03-24T20:33:51 IST" name="runScenario" description="Runs Cucumber Scenarios" data-provider="scenarios" finished-at="2020-03-24T20:33:51 IST" duration-ms="828" status="PASS">
          <params>
            <param index="0">
              <value>
                <![CDATA["Delete all the data"]]>
              </value>
            </param>
            <param index="1">
              <value>
                <![CDATA["Verify all GET and POST requests"]]>
              </value>
            </param>
          </params>
          <reporter-output>
          </reporter-output>
        </test-method> <!-- runScenario -->
        <test-method is-config="true" signature="tearDownClass()[pri:0, instance:runnerFile.APITestRunner@56528192]" started-at="2020-03-24T20:33:51 IST" name="tearDownClass" finished-at="2020-03-24T20:33:51 IST" duration-ms="144" status="PASS">
          <reporter-output>
          </reporter-output>
        </test-method> <!-- tearDownClass -->
      </class> <!-- runnerFile.APITestRunner -->
    </test> <!-- Default test -->
  </suite> <!-- Default suite -->
</testng-results>
