<?xml version="1.0" encoding="UTF-8"?>
<testng-results skipped="0" failed="0" ignored="0" total="4" passed="4">
  <reporter-output>
  </reporter-output>
  <suite name="Default suite" duration-ms="7720" started-at="2020-03-24T21:21:59 IST" finished-at="2020-03-24T21:22:06 IST">
    <groups>
      <group name="cucumber">
        <method signature="AbstractTestNGCucumberTests.runScenario(io.cucumber.testng.PickleWrapper, io.cucumber.testng.FeatureWrapper)[pri:0, instance:runnerFile.APITestRunner@3967e60c]" name="runScenario" class="io.cucumber.testng.AbstractTestNGCucumberTests"/>
      </group> <!-- cucumber -->
    </groups>
    <test name="Default test" duration-ms="7720" started-at="2020-03-24T21:21:59 IST" finished-at="2020-03-24T21:22:06 IST">
      <class name="runnerFile.APITestRunner">
        <test-method status="PASS" signature="setUpClass()[pri:0, instance:runnerFile.APITestRunner@3967e60c]" name="setUpClass" is-config="true" duration-ms="347" started-at="2020-03-24T21:21:59 IST" finished-at="2020-03-24T21:21:59 IST">
          <reporter-output>
          </reporter-output>
        </test-method> <!-- setUpClass -->
        <test-method status="PASS" signature="runScenario(io.cucumber.testng.PickleWrapper, io.cucumber.testng.FeatureWrapper)[pri:0, instance:runnerFile.APITestRunner@3967e60c]" name="runScenario" duration-ms="4055" started-at="2020-03-24T21:21:59 IST" description="Runs Cucumber Scenarios" data-provider="scenarios" finished-at="2020-03-24T21:22:03 IST">
          <params>
            <param index="0">
              <value>
                <![CDATA["Get employee record"]]>
              </value>
            </param>
            <param index="1">
              <value>
                <![CDATA["Verify all GET and POST requests"]]>
              </value>
            </param>
          </params>
          <reporter-output>
          </reporter-output>
        </test-method> <!-- runScenario -->
        <test-method status="PASS" signature="runScenario(io.cucumber.testng.PickleWrapper, io.cucumber.testng.FeatureWrapper)[pri:0, instance:runnerFile.APITestRunner@3967e60c]" name="runScenario" duration-ms="1005" started-at="2020-03-24T21:22:03 IST" description="Runs Cucumber Scenarios" data-provider="scenarios" finished-at="2020-03-24T21:22:04 IST">
          <params>
            <param index="0">
              <value>
                <![CDATA["Create record"]]>
              </value>
            </param>
            <param index="1">
              <value>
                <![CDATA["Verify all GET and POST requests"]]>
              </value>
            </param>
          </params>
          <reporter-output>
          </reporter-output>
        </test-method> <!-- runScenario -->
        <test-method status="PASS" signature="runScenario(io.cucumber.testng.PickleWrapper, io.cucumber.testng.FeatureWrapper)[pri:0, instance:runnerFile.APITestRunner@3967e60c]" name="runScenario" duration-ms="936" started-at="2020-03-24T21:22:04 IST" description="Runs Cucumber Scenarios" data-provider="scenarios" finished-at="2020-03-24T21:22:05 IST">
          <params>
            <param index="0">
              <value>
                <![CDATA["update the created user"]]>
              </value>
            </param>
            <param index="1">
              <value>
                <![CDATA["Verify all GET and POST requests"]]>
              </value>
            </param>
          </params>
          <reporter-output>
          </reporter-output>
        </test-method> <!-- runScenario -->
        <test-method status="PASS" signature="runScenario(io.cucumber.testng.PickleWrapper, io.cucumber.testng.FeatureWrapper)[pri:0, instance:runnerFile.APITestRunner@3967e60c]" name="runScenario" duration-ms="968" started-at="2020-03-24T21:22:05 IST" description="Runs Cucumber Scenarios" data-provider="scenarios" finished-at="2020-03-24T21:22:06 IST">
          <params>
            <param index="0">
              <value>
                <![CDATA["Delete all the data"]]>
              </value>
            </param>
            <param index="1">
              <value>
                <![CDATA["Verify all GET and POST requests"]]>
              </value>
            </param>
          </params>
          <reporter-output>
          </reporter-output>
        </test-method> <!-- runScenario -->
        <test-method status="PASS" signature="tearDownClass()[pri:0, instance:runnerFile.APITestRunner@3967e60c]" name="tearDownClass" is-config="true" duration-ms="196" started-at="2020-03-24T21:22:06 IST" finished-at="2020-03-24T21:22:06 IST">
          <reporter-output>
          </reporter-output>
        </test-method> <!-- tearDownClass -->
      </class> <!-- runnerFile.APITestRunner -->
    </test> <!-- Default test -->
  </suite> <!-- Default suite -->
</testng-results>
